<?xml version="1.0" encoding="UTF-8"?>
<testsuite xmlns:xsi="http://www.w3.org/2001/XMLSchema-instance" xsi:noNamespaceSchemaLocation="https://maven.apache.org/surefire/maven-surefire-plugin/xsd/surefire-test-report.xsd" name="fa.training.dao.CandidateDaoTest" time="3.502" tests="17" errors="4" skipped="1" failures="1">
  <properties>
    <property name="java.specification.version" value="18"/>
    <property name="sun.cpu.isalist" value="amd64"/>
    <property name="sun.jnu.encoding" value="Cp1252"/>
    <property name="java.class.path" value="C:\Users\bacng\eclipse-workspace\orm.m.a301\target\test-classes;C:\Users\bacng\eclipse-workspace\orm.m.a301\target\classes;C:\Users\bacng\.m2\repository\org\hibernate\hibernate-core\5.4.12.Final\hibernate-core-5.4.12.Final.jar;C:\Users\bacng\.m2\repository\org\jboss\logging\jboss-logging\3.3.2.Final\jboss-logging-3.3.2.Final.jar;C:\Users\bacng\.m2\repository\javax\persistence\javax.persistence-api\2.2\javax.persistence-api-2.2.jar;C:\Users\bacng\.m2\repository\org\javassist\javassist\3.24.0-GA\javassist-3.24.0-GA.jar;C:\Users\bacng\.m2\repository\net\bytebuddy\byte-buddy\1.10.7\byte-buddy-1.10.7.jar;C:\Users\bacng\.m2\repository\antlr\antlr\2.7.7\antlr-2.7.7.jar;C:\Users\bacng\.m2\repository\org\jboss\spec\javax\transaction\jboss-transaction-api_1.2_spec\1.1.1.Final\jboss-transaction-api_1.2_spec-1.1.1.Final.jar;C:\Users\bacng\.m2\repository\org\jboss\jandex\2.1.1.Final\jandex-2.1.1.Final.jar;C:\Users\bacng\.m2\repository\com\fasterxml\classmate\1.5.1\classmate-1.5.1.jar;C:\Users\bacng\.m2\repository\javax\activation\javax.activation-api\1.2.0\javax.activation-api-1.2.0.jar;C:\Users\bacng\.m2\repository\org\dom4j\dom4j\2.1.1\dom4j-2.1.1.jar;C:\Users\bacng\.m2\repository\org\hibernate\common\hibernate-commons-annotations\5.1.0.Final\hibernate-commons-annotations-5.1.0.Final.jar;C:\Users\bacng\.m2\repository\javax\xml\bind\jaxb-api\2.3.1\jaxb-api-2.3.1.jar;C:\Users\bacng\.m2\repository\org\glassfish\jaxb\jaxb-runtime\2.3.1\jaxb-runtime-2.3.1.jar;C:\Users\bacng\.m2\repository\org\glassfish\jaxb\txw2\2.3.1\txw2-2.3.1.jar;C:\Users\bacng\.m2\repository\com\sun\istack\istack-commons-runtime\3.0.7\istack-commons-runtime-3.0.7.jar;C:\Users\bacng\.m2\repository\org\jvnet\staxex\stax-ex\1.8\stax-ex-1.8.jar;C:\Users\bacng\.m2\repository\com\sun\xml\fastinfoset\FastInfoset\1.2.15\FastInfoset-1.2.15.jar;C:\Users\bacng\.m2\repository\com\microsoft\sqlserver\mssql-jdbc\7.4.1.jre8\mssql-jdbc-7.4.1.jre8.jar;C:\Users\bacng\.m2\repository\org\junit\jupiter\junit-jupiter-api\5.7.2\junit-jupiter-api-5.7.2.jar;C:\Users\bacng\.m2\repository\org\apiguardian\apiguardian-api\1.1.0\apiguardian-api-1.1.0.jar;C:\Users\bacng\.m2\repository\org\opentest4j\opentest4j\1.2.0\opentest4j-1.2.0.jar;C:\Users\bacng\.m2\repository\org\junit\platform\junit-platform-commons\1.7.2\junit-platform-commons-1.7.2.jar;C:\Users\bacng\.m2\repository\org\junit\jupiter\junit-jupiter-engine\5.7.2\junit-jupiter-engine-5.7.2.jar;C:\Users\bacng\.m2\repository\org\junit\platform\junit-platform-engine\1.7.2\junit-platform-engine-1.7.2.jar;C:\Users\bacng\.m2\repository\javax\validation\validation-api\2.0.1.Final\validation-api-2.0.1.Final.jar;C:\Users\bacng\.m2\repository\org\hibernate\validator\hibernate-validator\6.1.5.Final\hibernate-validator-6.1.5.Final.jar;C:\Users\bacng\.m2\repository\jakarta\validation\jakarta.validation-api\2.0.2\jakarta.validation-api-2.0.2.jar;C:\Users\bacng\.m2\repository\org\hibernate\validator\hibernate-validator-annotation-processor\6.1.5.Final\hibernate-validator-annotation-processor-6.1.5.Final.jar;C:\Users\bacng\.m2\repository\javax\el\javax.el-api\3.0.1-b06\javax.el-api-3.0.1-b06.jar;C:\Users\bacng\.m2\repository\org\glassfish\web\javax.el\2.2.4\javax.el-2.2.4.jar;"/>
    <property name="java.vm.vendor" value="Oracle Corporation"/>
    <property name="sun.arch.data.model" value="64"/>
    <property name="user.variant" value=""/>
    <property name="java.vendor.url" value="https://java.oracle.com/"/>
    <property name="user.timezone" value="Asia/Saigon"/>
    <property name="os.name" value="Windows 11"/>
    <property name="java.vm.specification.version" value="18"/>
    <property name="sun.java.launcher" value="SUN_STANDARD"/>
    <property name="user.country" value="US"/>
    <property name="sun.boot.library.path" value="C:\Program Files\Java\jdk-18.0.2.1\bin"/>
    <property name="sun.java.command" value="C:\Users\bacng\AppData\Local\Temp\surefire11955476967578599696\surefirebooter13074880641567918720.jar C:\Users\bacng\AppData\Local\Temp\surefire11955476967578599696 2022-09-09T13-32-52_866-jvmRun1 surefire2469837935666154981tmp surefire_08121901182136792819tmp"/>
    <property name="jdk.debug" value="release"/>
    <property name="test" value="CandidateDaoTest"/>
    <property name="surefire.test.class.path" value="C:\Users\bacng\eclipse-workspace\orm.m.a301\target\test-classes;C:\Users\bacng\eclipse-workspace\orm.m.a301\target\classes;C:\Users\bacng\.m2\repository\org\hibernate\hibernate-core\5.4.12.Final\hibernate-core-5.4.12.Final.jar;C:\Users\bacng\.m2\repository\org\jboss\logging\jboss-logging\3.3.2.Final\jboss-logging-3.3.2.Final.jar;C:\Users\bacng\.m2\repository\javax\persistence\javax.persistence-api\2.2\javax.persistence-api-2.2.jar;C:\Users\bacng\.m2\repository\org\javassist\javassist\3.24.0-GA\javassist-3.24.0-GA.jar;C:\Users\bacng\.m2\repository\net\bytebuddy\byte-buddy\1.10.7\byte-buddy-1.10.7.jar;C:\Users\bacng\.m2\repository\antlr\antlr\2.7.7\antlr-2.7.7.jar;C:\Users\bacng\.m2\repository\org\jboss\spec\javax\transaction\jboss-transaction-api_1.2_spec\1.1.1.Final\jboss-transaction-api_1.2_spec-1.1.1.Final.jar;C:\Users\bacng\.m2\repository\org\jboss\jandex\2.1.1.Final\jandex-2.1.1.Final.jar;C:\Users\bacng\.m2\repository\com\fasterxml\classmate\1.5.1\classmate-1.5.1.jar;C:\Users\bacng\.m2\repository\javax\activation\javax.activation-api\1.2.0\javax.activation-api-1.2.0.jar;C:\Users\bacng\.m2\repository\org\dom4j\dom4j\2.1.1\dom4j-2.1.1.jar;C:\Users\bacng\.m2\repository\org\hibernate\common\hibernate-commons-annotations\5.1.0.Final\hibernate-commons-annotations-5.1.0.Final.jar;C:\Users\bacng\.m2\repository\javax\xml\bind\jaxb-api\2.3.1\jaxb-api-2.3.1.jar;C:\Users\bacng\.m2\repository\org\glassfish\jaxb\jaxb-runtime\2.3.1\jaxb-runtime-2.3.1.jar;C:\Users\bacng\.m2\repository\org\glassfish\jaxb\txw2\2.3.1\txw2-2.3.1.jar;C:\Users\bacng\.m2\repository\com\sun\istack\istack-commons-runtime\3.0.7\istack-commons-runtime-3.0.7.jar;C:\Users\bacng\.m2\repository\org\jvnet\staxex\stax-ex\1.8\stax-ex-1.8.jar;C:\Users\bacng\.m2\repository\com\sun\xml\fastinfoset\FastInfoset\1.2.15\FastInfoset-1.2.15.jar;C:\Users\bacng\.m2\repository\com\microsoft\sqlserver\mssql-jdbc\7.4.1.jre8\mssql-jdbc-7.4.1.jre8.jar;C:\Users\bacng\.m2\repository\org\junit\jupiter\junit-jupiter-api\5.7.2\junit-jupiter-api-5.7.2.jar;C:\Users\bacng\.m2\repository\org\apiguardian\apiguardian-api\1.1.0\apiguardian-api-1.1.0.jar;C:\Users\bacng\.m2\repository\org\opentest4j\opentest4j\1.2.0\opentest4j-1.2.0.jar;C:\Users\bacng\.m2\repository\org\junit\platform\junit-platform-commons\1.7.2\junit-platform-commons-1.7.2.jar;C:\Users\bacng\.m2\repository\org\junit\jupiter\junit-jupiter-engine\5.7.2\junit-jupiter-engine-5.7.2.jar;C:\Users\bacng\.m2\repository\org\junit\platform\junit-platform-engine\1.7.2\junit-platform-engine-1.7.2.jar;C:\Users\bacng\.m2\repository\javax\validation\validation-api\2.0.1.Final\validation-api-2.0.1.Final.jar;C:\Users\bacng\.m2\repository\org\hibernate\validator\hibernate-validator\6.1.5.Final\hibernate-validator-6.1.5.Final.jar;C:\Users\bacng\.m2\repository\jakarta\validation\jakarta.validation-api\2.0.2\jakarta.validation-api-2.0.2.jar;C:\Users\bacng\.m2\repository\org\hibernate\validator\hibernate-validator-annotation-processor\6.1.5.Final\hibernate-validator-annotation-processor-6.1.5.Final.jar;C:\Users\bacng\.m2\repository\javax\el\javax.el-api\3.0.1-b06\javax.el-api-3.0.1-b06.jar;C:\Users\bacng\.m2\repository\org\glassfish\web\javax.el\2.2.4\javax.el-2.2.4.jar;"/>
    <property name="sun.cpu.endian" value="little"/>
    <property name="user.home" value="C:\Users\bacng"/>
    <property name="user.language" value="en"/>
    <property name="java.specification.vendor" value="Oracle Corporation"/>
    <property name="java.version.date" value="2022-08-18"/>
    <property name="java.home" value="C:\Program Files\Java\jdk-18.0.2.1"/>
    <property name="file.separator" value="\"/>
    <property name="basedir" value="C:\Users\bacng\eclipse-workspace\orm.m.a301"/>
    <property name="java.vm.compressedOopsMode" value="32-bit"/>
    <property name="line.separator" value="&#10;"/>
    <property name="java.vm.specification.vendor" value="Oracle Corporation"/>
    <property name="java.specification.name" value="Java Platform API Specification"/>
    <property name="surefire.real.class.path" value="C:\Users\bacng\AppData\Local\Temp\surefire11955476967578599696\surefirebooter13074880641567918720.jar"/>
    <property name="user.script" value=""/>
    <property name="sun.management.compiler" value="HotSpot 64-Bit Tiered Compilers"/>
    <property name="java.runtime.version" value="18.0.2.1+1-1"/>
    <property name="user.name" value="bacng"/>
    <property name="path.separator" value=";"/>
    <property name="os.version" value="10.0"/>
    <property name="java.runtime.name" value="Java(TM) SE Runtime Environment"/>
    <property name="file.encoding" value="UTF-8"/>
    <property name="java.vm.name" value="Java HotSpot(TM) 64-Bit Server VM"/>
    <property name="localRepository" value="C:\Users\bacng\.m2\repository"/>
    <property name="java.vendor.url.bug" value="https://bugreport.java.com/bugreport/"/>
    <property name="java.io.tmpdir" value="C:\Users\bacng\AppData\Local\Temp\"/>
    <property name="java.version" value="18.0.2.1"/>
    <property name="user.dir" value="C:\Users\bacng\eclipse-workspace\orm.m.a301"/>
    <property name="os.arch" value="amd64"/>
    <property name="java.vm.specification.name" value="Java Virtual Machine Specification"/>
    <property name="sun.os.patch.level" value=""/>
    <property name="native.encoding" value="Cp1252"/>
    <property name="java.library.path" value="C:\Program Files\Java\jdk-18.0.2.1\bin;C:\WINDOWS\Sun\Java\bin;C:\WINDOWS\system32;C:\WINDOWS;C:\Program Files\Common Files\Oracle\Java\javapath;C:\Program Files (x86)\Common Files\Oracle\Java\javapath;C:\Program Files\Java\jdk-16.0.1\bin\;C:\Program Files (x86)\Intel\Intel(R) Management Engine Components\iCLS\;C:\Program Files\Intel\Intel(R) Management Engine Components\iCLS\;C:\WINDOWS\system32;C:\WINDOWS;C:\WINDOWS\System32\Wbem;C:\WINDOWS\System32\WindowsPowerShell\v1.0\;C:\WINDOWS\System32\OpenSSH\;C:\Program Files (x86)\Intel\Intel(R) Management Engine Components\DAL;C:\Program Files\Intel\Intel(R) Management Engine Components\DAL;C:\Program Files\Intel\WiFi\bin\;C:\Program Files\Common Files\Intel\WirelessCommon\;C:\Program Files\Git\cmd;C:\Program Files\Microsoft SQL Server\Client SDK\ODBC\170\Tools\Binn\;C:\Program Files (x86)\Microsoft SQL Server\150\Tools\Binn\;C:\Program Files\Microsoft SQL Server\150\Tools\Binn\;C:\Program Files\Microsoft SQL Server\150\DTS\Binn\;C:\Program Files (x86)\Microsoft SQL Server\150\DTS\Binn\;C:\Program Files\Azure Data Studio\bin;C:\dev\apache-maven-3.8.6\bin;C:\Program Files\Java\jdk-18.0.2.1\bin;C:\Users\bacng\AppData\Local\Microsoft\WindowsApps;C:\Users\bacng\AppData\Local\Programs\Microsoft VS Code\bin;."/>
    <property name="java.vm.info" value="mixed mode, sharing"/>
    <property name="java.vendor" value="Oracle Corporation"/>
    <property name="java.vm.version" value="18.0.2.1+1-1"/>
    <property name="sun.io.unicode.encoding" value="UnicodeLittle"/>
    <property name="java.class.version" value="62.0"/>
  </properties>
  <testcase name="testFindAll" classname="fa.training.dao.CandidateDaoTest" time="3.142"/>
  <testcase name="testSave1" classname="fa.training.dao.CandidateDaoTest" time="0.094">
    <error message="could not execute statement" type="org.hibernate.exception.ConstraintViolationException">org.hibernate.exception.ConstraintViolationException: could not execute statement
	at fa.training.dao.CandidateDaoTest.testSave1(CandidateDaoTest.java:43)
Caused by: com.microsoft.sqlserver.jdbc.SQLServerException: Violation of UNIQUE KEY constraint 'UK_qybs7h9y2eg9cdtsac1f8kgoc'. Cannot insert duplicate key in object 'dbo.Cadidate'. The duplicate key value is (email1@gmail.com).
	at fa.training.dao.CandidateDaoTest.testSave1(CandidateDaoTest.java:43)
</error>
    <system-out><![CDATA[Hibernate: insert into dbo.Cadidate (allocation_status, cv, date_of_birth, email, foreign_language, full_name, gender, graduation_year, level, phone, remark, skill) values (?, ?, ?, ?, ?, ?, ?, ?, ?, ?, ?, ?)
]]></system-out>
    <system-err><![CDATA[Sep 09, 2022 1:32:57 PM org.hibernate.engine.jdbc.spi.SqlExceptionHelper logExceptions
WARN: SQL Error: 2627, SQLState: 23000
Sep 09, 2022 1:32:57 PM org.hibernate.engine.jdbc.spi.SqlExceptionHelper logExceptions
ERROR: Violation of UNIQUE KEY constraint 'UK_qybs7h9y2eg9cdtsac1f8kgoc'. Cannot insert duplicate key in object 'dbo.Cadidate'. The duplicate key value is (email1@gmail.com).
]]></system-err>
  </testcase>
  <testcase name="testSave2" classname="fa.training.dao.CandidateDaoTest" time="0.016">
    <error message="could not execute statement" type="org.hibernate.exception.ConstraintViolationException">org.hibernate.exception.ConstraintViolationException: could not execute statement
	at fa.training.dao.CandidateDaoTest.testSave2(CandidateDaoTest.java:55)
Caused by: com.microsoft.sqlserver.jdbc.SQLServerException: Violation of UNIQUE KEY constraint 'UK_qybs7h9y2eg9cdtsac1f8kgoc'. Cannot insert duplicate key in object 'dbo.Cadidate'. The duplicate key value is (email2@gmail.com).
	at fa.training.dao.CandidateDaoTest.testSave2(CandidateDaoTest.java:55)
</error>
    <system-out><![CDATA[Hibernate: insert into dbo.Cadidate (allocation_status, cv, date_of_birth, email, foreign_language, full_name, gender, graduation_year, level, phone, remark, skill) values (?, ?, ?, ?, ?, ?, ?, ?, ?, ?, ?, ?)
]]></system-out>
    <system-err><![CDATA[Sep 09, 2022 1:32:57 PM org.hibernate.engine.jdbc.spi.SqlExceptionHelper logExceptions
WARN: SQL Error: 2627, SQLState: 23000
Sep 09, 2022 1:32:57 PM org.hibernate.engine.jdbc.spi.SqlExceptionHelper logExceptions
ERROR: Violation of UNIQUE KEY constraint 'UK_qybs7h9y2eg9cdtsac1f8kgoc'. Cannot insert duplicate key in object 'dbo.Cadidate'. The duplicate key value is (email2@gmail.com).
]]></system-err>
  </testcase>
  <testcase name="testSave3" classname="fa.training.dao.CandidateDaoTest" time="0">
    <error message="could not execute statement" type="org.hibernate.exception.ConstraintViolationException">org.hibernate.exception.ConstraintViolationException: could not execute statement
	at fa.training.dao.CandidateDaoTest.testSave3(CandidateDaoTest.java:65)
Caused by: com.microsoft.sqlserver.jdbc.SQLServerException: Violation of UNIQUE KEY constraint 'UK_qybs7h9y2eg9cdtsac1f8kgoc'. Cannot insert duplicate key in object 'dbo.Cadidate'. The duplicate key value is (email3@gmail.com).
	at fa.training.dao.CandidateDaoTest.testSave3(CandidateDaoTest.java:65)
</error>
    <system-out><![CDATA[Hibernate: insert into dbo.Cadidate (allocation_status, cv, date_of_birth, email, foreign_language, full_name, gender, graduation_year, level, phone, remark, skill) values (?, ?, ?, ?, ?, ?, ?, ?, ?, ?, ?, ?)
]]></system-out>
    <system-err><![CDATA[Sep 09, 2022 1:32:57 PM org.hibernate.engine.jdbc.spi.SqlExceptionHelper logExceptions
WARN: SQL Error: 2627, SQLState: 23000
Sep 09, 2022 1:32:57 PM org.hibernate.engine.jdbc.spi.SqlExceptionHelper logExceptions
ERROR: Violation of UNIQUE KEY constraint 'UK_qybs7h9y2eg9cdtsac1f8kgoc'. Cannot insert duplicate key in object 'dbo.Cadidate'. The duplicate key value is (email3@gmail.com).
]]></system-err>
  </testcase>
  <testcase name="testFindBySkillAndLevel" classname="fa.training.dao.CandidateDaoTest" time="0.031"/>
  <testcase name="testFindWithPaging" classname="fa.training.dao.CandidateDaoTest" time="0"/>
  <testcase name="testFindBySkillAndResultTest" classname="fa.training.dao.CandidateDaoTest" time="0.031"/>
  <testcase name="testFindById" classname="fa.training.dao.CandidateDaoTest" time="0.016"/>
  <testcase name="testUpdateRemark" classname="fa.training.dao.CandidateDaoTest" time="0.016">
    <failure message="expected: &lt;true&gt; but was: &lt;false&gt;" type="org.opentest4j.AssertionFailedError"><![CDATA[org.opentest4j.AssertionFailedError: expected: <true> but was: <false>
	at fa.training.dao.CandidateDaoTest.testUpdateRemark(CandidateDaoTest.java:147)
]]></failure>
    <system-out><![CDATA[Hibernate: update dbo.Cadidate set remark=? where phone is null or email is null or cv is null
]]></system-out>
  </testcase>
  <testcase name="testFindBySkillAndForeignLanguage" classname="fa.training.dao.CandidateDaoTest" time="0.015"/>
  <testcase name="testLevelLowerOne" classname="fa.training.dao.CandidateDaoTest" time="0.047"/>
  <testcase name="testFindByInterviewResult" classname="fa.training.dao.CandidateDaoTest" time="0.016"/>
  <testcase name="testDelete" classname="fa.training.dao.CandidateDaoTest" time="0">
    <skipped message="void fa.training.dao.CandidateDaoTest.testDelete() throws java.lang.Exception is @Disabled"/>
  </testcase>
  <testcase name="testGender" classname="fa.training.dao.CandidateDaoTest" time="0.015"/>
  <testcase name="testLevelGreaterSeven" classname="fa.training.dao.CandidateDaoTest" time="0.016"/>
  <testcase name="testNotNull" classname="fa.training.dao.CandidateDaoTest" time="0.016"/>
  <testcase name="testUpdate" classname="fa.training.dao.CandidateDaoTest" time="0.015">
    <error message="org.hibernate.exception.ConstraintViolationException: could not execute statement" type="javax.persistence.PersistenceException">javax.persistence.PersistenceException: org.hibernate.exception.ConstraintViolationException: could not execute statement
	at fa.training.dao.CandidateDaoTest.testUpdate(CandidateDaoTest.java:139)
Caused by: org.hibernate.exception.ConstraintViolationException: could not execute statement
	at fa.training.dao.CandidateDaoTest.testUpdate(CandidateDaoTest.java:139)
Caused by: com.microsoft.sqlserver.jdbc.SQLServerException: Violation of UNIQUE KEY constraint 'UK_4vucdnv7uxkltmkfd5doqwv7y'. Cannot insert duplicate key in object 'dbo.Cadidate'. The duplicate key value is (03315654).
	at fa.training.dao.CandidateDaoTest.testUpdate(CandidateDaoTest.java:139)
</error>
    <system-out><![CDATA[Hibernate: update dbo.Cadidate set full_name=?, date_of_birth=?, gender=?, graduation_year=?, phone=?, email=?, skill=?, foreign_language=?, level=?, cv=?, allocation_status=?, remark=? where candidate_id=?
]]></system-out>
    <system-err><![CDATA[Sep 09, 2022 1:32:57 PM org.hibernate.engine.jdbc.spi.SqlExceptionHelper logExceptions
WARN: SQL Error: 2627, SQLState: 23000
Sep 09, 2022 1:32:57 PM org.hibernate.engine.jdbc.spi.SqlExceptionHelper logExceptions
ERROR: Violation of UNIQUE KEY constraint 'UK_4vucdnv7uxkltmkfd5doqwv7y'. Cannot insert duplicate key in object 'dbo.Cadidate'. The duplicate key value is (03315654).
]]></system-err>
  </testcase>
</testsuite>